2022-02-23 12:23:25.132  INFO 15900 --- [main] c.bobbingboy.springbootdemo.TopicTests   : Starting TopicTests using Java 1.8.0_322 on zo17751991-PC with PID 15900 (started by user in C:\Users\user\IdeaProjects\spring-boot-demo)
2022-02-23 12:23:25.139 DEBUG 15900 --- [main] c.bobbingboy.springbootdemo.TopicTests   : Running with Spring Boot v2.6.3, Spring v5.3.15
2022-02-23 12:23:25.140  INFO 15900 --- [main] c.bobbingboy.springbootdemo.TopicTests   : The following profiles are active: dev
2022-02-23 12:23:26.220  INFO 15900 --- [main] .s.d.r.c.RepositoryConfigurationDelegate : Bootstrapping Spring Data JPA repositories in DEFAULT mode.
2022-02-23 12:23:26.318  INFO 15900 --- [main] .s.d.r.c.RepositoryConfigurationDelegate : Finished Spring Data repository scanning in 86 ms. Found 7 JPA repository interfaces.
2022-02-23 12:23:27.279  INFO 15900 --- [main] o.hibernate.jpa.internal.util.LogHelper  : HHH000204: Processing PersistenceUnitInfo [name: default]
2022-02-23 12:23:27.353  INFO 15900 --- [main] org.hibernate.Version                    : HHH000412: Hibernate ORM core version 5.6.4.Final
2022-02-23 12:23:27.581  INFO 15900 --- [main] o.hibernate.annotations.common.Version   : HCANN000001: Hibernate Commons Annotations {5.1.2.Final}
2022-02-23 12:23:27.837  INFO 15900 --- [main] com.zaxxer.hikari.HikariDataSource       : HikariPool-1 - Starting...
2022-02-23 12:23:27.843  WARN 15900 --- [main] com.zaxxer.hikari.util.DriverDataSource  : Registered driver with driverClassName=com.mysql.jdbc.Driver was not found, trying direct instantiation.
2022-02-23 12:23:28.417  INFO 15900 --- [main] com.zaxxer.hikari.HikariDataSource       : HikariPool-1 - Start completed.
2022-02-23 12:23:28.474  INFO 15900 --- [main] org.hibernate.dialect.Dialect            : HHH000400: Using dialect: org.hibernate.dialect.MySQL8Dialect
2022-02-23 12:23:29.903  INFO 15900 --- [main] o.h.e.t.j.p.i.JtaPlatformInitiator       : HHH000490: Using JtaPlatform implementation: [org.hibernate.engine.transaction.jta.platform.internal.NoJtaPlatform]
2022-02-23 12:23:29.915  INFO 15900 --- [main] j.LocalContainerEntityManagerFactoryBean : Initialized JPA EntityManagerFactory for persistence unit 'default'
2022-02-23 12:23:31.757  WARN 15900 --- [main] JpaBaseConfiguration$JpaWebConfiguration : spring.jpa.open-in-view is enabled by default. Therefore, database queries may be performed during view rendering. Explicitly configure spring.jpa.open-in-view to disable this warning
2022-02-23 12:23:32.401  INFO 15900 --- [main] o.s.b.a.w.s.WelcomePageHandlerMapping    : Adding welcome page template: index
2022-02-23 12:23:32.936  INFO 15900 --- [main] c.bobbingboy.springbootdemo.TopicTests   : Started TopicTests in 8.345 seconds (JVM running for 9.924)
2022-02-23 12:23:33.189  INFO 15900 --- [SpringApplicationShutdownHook] j.LocalContainerEntityManagerFactoryBean : Closing JPA EntityManagerFactory for persistence unit 'default'
2022-02-23 12:23:33.191  INFO 15900 --- [SpringApplicationShutdownHook] com.zaxxer.hikari.HikariDataSource       : HikariPool-1 - Shutdown initiated...
2022-02-23 12:23:33.206  INFO 15900 --- [SpringApplicationShutdownHook] com.zaxxer.hikari.HikariDataSource       : HikariPool-1 - Shutdown completed.
2022-02-23 12:26:08.141  INFO 4204 --- [main] c.bobbingboy.springbootdemo.TopicTests   : Starting TopicTests using Java 1.8.0_322 on zo17751991-PC with PID 4204 (started by user in C:\Users\user\IdeaProjects\spring-boot-demo)
2022-02-23 12:26:08.143 DEBUG 4204 --- [main] c.bobbingboy.springbootdemo.TopicTests   : Running with Spring Boot v2.6.3, Spring v5.3.15
2022-02-23 12:26:08.143  INFO 4204 --- [main] c.bobbingboy.springbootdemo.TopicTests   : The following profiles are active: dev
2022-02-23 12:26:09.113  INFO 4204 --- [main] .s.d.r.c.RepositoryConfigurationDelegate : Bootstrapping Spring Data JPA repositories in DEFAULT mode.
2022-02-23 12:26:09.240  INFO 4204 --- [main] .s.d.r.c.RepositoryConfigurationDelegate : Finished Spring Data repository scanning in 113 ms. Found 7 JPA repository interfaces.
2022-02-23 12:26:10.489  INFO 4204 --- [main] o.hibernate.jpa.internal.util.LogHelper  : HHH000204: Processing PersistenceUnitInfo [name: default]
2022-02-23 12:26:10.599  INFO 4204 --- [main] org.hibernate.Version                    : HHH000412: Hibernate ORM core version 5.6.4.Final
2022-02-23 12:26:10.940  INFO 4204 --- [main] o.hibernate.annotations.common.Version   : HCANN000001: Hibernate Commons Annotations {5.1.2.Final}
2022-02-23 12:26:11.290  INFO 4204 --- [main] com.zaxxer.hikari.HikariDataSource       : HikariPool-1 - Starting...
2022-02-23 12:26:11.297  WARN 4204 --- [main] com.zaxxer.hikari.util.DriverDataSource  : Registered driver with driverClassName=com.mysql.jdbc.Driver was not found, trying direct instantiation.
2022-02-23 12:26:11.775  INFO 4204 --- [main] com.zaxxer.hikari.HikariDataSource       : HikariPool-1 - Start completed.
2022-02-23 12:26:11.841  INFO 4204 --- [main] org.hibernate.dialect.Dialect            : HHH000400: Using dialect: org.hibernate.dialect.MySQL8Dialect
2022-02-23 12:26:13.439  INFO 4204 --- [main] o.h.e.t.j.p.i.JtaPlatformInitiator       : HHH000490: Using JtaPlatform implementation: [org.hibernate.engine.transaction.jta.platform.internal.NoJtaPlatform]
2022-02-23 12:26:13.453  INFO 4204 --- [main] j.LocalContainerEntityManagerFactoryBean : Initialized JPA EntityManagerFactory for persistence unit 'default'
2022-02-23 12:26:15.644  WARN 4204 --- [main] JpaBaseConfiguration$JpaWebConfiguration : spring.jpa.open-in-view is enabled by default. Therefore, database queries may be performed during view rendering. Explicitly configure spring.jpa.open-in-view to disable this warning
2022-02-23 12:26:16.398  INFO 4204 --- [main] o.s.b.a.w.s.WelcomePageHandlerMapping    : Adding welcome page template: index
2022-02-23 12:26:17.005  INFO 4204 --- [main] c.bobbingboy.springbootdemo.TopicTests   : Started TopicTests in 9.489 seconds (JVM running for 11.135)
2022-02-23 12:26:17.285  INFO 4204 --- [SpringApplicationShutdownHook] j.LocalContainerEntityManagerFactoryBean : Closing JPA EntityManagerFactory for persistence unit 'default'
2022-02-23 12:26:17.287  INFO 4204 --- [SpringApplicationShutdownHook] com.zaxxer.hikari.HikariDataSource       : HikariPool-1 - Shutdown initiated...
2022-02-23 12:26:17.293  INFO 4204 --- [SpringApplicationShutdownHook] com.zaxxer.hikari.HikariDataSource       : HikariPool-1 - Shutdown completed.
2022-02-23 12:30:02.176  INFO 16120 --- [main] c.bobbingboy.springbootdemo.TopicTests   : Starting TopicTests using Java 1.8.0_322 on zo17751991-PC with PID 16120 (started by user in C:\Users\user\IdeaProjects\spring-boot-demo)
2022-02-23 12:30:02.177 DEBUG 16120 --- [main] c.bobbingboy.springbootdemo.TopicTests   : Running with Spring Boot v2.6.3, Spring v5.3.15
2022-02-23 12:30:02.178  INFO 16120 --- [main] c.bobbingboy.springbootdemo.TopicTests   : The following profiles are active: dev
2022-02-23 12:30:03.251  INFO 16120 --- [main] .s.d.r.c.RepositoryConfigurationDelegate : Bootstrapping Spring Data JPA repositories in DEFAULT mode.
2022-02-23 12:30:03.355  INFO 16120 --- [main] .s.d.r.c.RepositoryConfigurationDelegate : Finished Spring Data repository scanning in 91 ms. Found 7 JPA repository interfaces.
2022-02-23 12:30:04.419  INFO 16120 --- [main] o.hibernate.jpa.internal.util.LogHelper  : HHH000204: Processing PersistenceUnitInfo [name: default]
2022-02-23 12:30:04.508  INFO 16120 --- [main] org.hibernate.Version                    : HHH000412: Hibernate ORM core version 5.6.4.Final
2022-02-23 12:30:04.736  INFO 16120 --- [main] o.hibernate.annotations.common.Version   : HCANN000001: Hibernate Commons Annotations {5.1.2.Final}
2022-02-23 12:30:05.002  INFO 16120 --- [main] com.zaxxer.hikari.HikariDataSource       : HikariPool-1 - Starting...
2022-02-23 12:30:05.009  WARN 16120 --- [main] com.zaxxer.hikari.util.DriverDataSource  : Registered driver with driverClassName=com.mysql.jdbc.Driver was not found, trying direct instantiation.
2022-02-23 12:30:05.432  INFO 16120 --- [main] com.zaxxer.hikari.HikariDataSource       : HikariPool-1 - Start completed.
2022-02-23 12:30:05.475  INFO 16120 --- [main] org.hibernate.dialect.Dialect            : HHH000400: Using dialect: org.hibernate.dialect.MySQL8Dialect
2022-02-23 12:30:06.782  INFO 16120 --- [main] o.h.e.t.j.p.i.JtaPlatformInitiator       : HHH000490: Using JtaPlatform implementation: [org.hibernate.engine.transaction.jta.platform.internal.NoJtaPlatform]
2022-02-23 12:30:06.793  INFO 16120 --- [main] j.LocalContainerEntityManagerFactoryBean : Initialized JPA EntityManagerFactory for persistence unit 'default'
2022-02-23 12:30:08.593  WARN 16120 --- [main] JpaBaseConfiguration$JpaWebConfiguration : spring.jpa.open-in-view is enabled by default. Therefore, database queries may be performed during view rendering. Explicitly configure spring.jpa.open-in-view to disable this warning
2022-02-23 12:30:09.219  INFO 16120 --- [main] o.s.b.a.w.s.WelcomePageHandlerMapping    : Adding welcome page template: index
2022-02-23 12:30:09.768  INFO 16120 --- [main] c.bobbingboy.springbootdemo.TopicTests   : Started TopicTests in 8.137 seconds (JVM running for 9.564)
2022-02-23 12:30:10.033  INFO 16120 --- [SpringApplicationShutdownHook] j.LocalContainerEntityManagerFactoryBean : Closing JPA EntityManagerFactory for persistence unit 'default'
2022-02-23 12:30:10.035  INFO 16120 --- [SpringApplicationShutdownHook] com.zaxxer.hikari.HikariDataSource       : HikariPool-1 - Shutdown initiated...
2022-02-23 12:30:10.045  INFO 16120 --- [SpringApplicationShutdownHook] com.zaxxer.hikari.HikariDataSource       : HikariPool-1 - Shutdown completed.
2022-02-23 12:33:32.195  INFO 13580 --- [main] c.bobbingboy.springbootdemo.TopicTests   : Starting TopicTests using Java 1.8.0_322 on zo17751991-PC with PID 13580 (started by user in C:\Users\user\IdeaProjects\spring-boot-demo)
2022-02-23 12:33:32.197 DEBUG 13580 --- [main] c.bobbingboy.springbootdemo.TopicTests   : Running with Spring Boot v2.6.3, Spring v5.3.15
2022-02-23 12:33:32.197  INFO 13580 --- [main] c.bobbingboy.springbootdemo.TopicTests   : The following profiles are active: dev
2022-02-23 12:33:33.016  INFO 13580 --- [main] .s.d.r.c.RepositoryConfigurationDelegate : Bootstrapping Spring Data JPA repositories in DEFAULT mode.
2022-02-23 12:33:33.130  INFO 13580 --- [main] .s.d.r.c.RepositoryConfigurationDelegate : Finished Spring Data repository scanning in 98 ms. Found 7 JPA repository interfaces.
2022-02-23 12:33:34.065  INFO 13580 --- [main] o.hibernate.jpa.internal.util.LogHelper  : HHH000204: Processing PersistenceUnitInfo [name: default]
2022-02-23 12:33:34.149  INFO 13580 --- [main] org.hibernate.Version                    : HHH000412: Hibernate ORM core version 5.6.4.Final
2022-02-23 12:33:34.392  INFO 13580 --- [main] o.hibernate.annotations.common.Version   : HCANN000001: Hibernate Commons Annotations {5.1.2.Final}
2022-02-23 12:33:34.650  INFO 13580 --- [main] com.zaxxer.hikari.HikariDataSource       : HikariPool-1 - Starting...
2022-02-23 12:33:34.658  WARN 13580 --- [main] com.zaxxer.hikari.util.DriverDataSource  : Registered driver with driverClassName=com.mysql.jdbc.Driver was not found, trying direct instantiation.
2022-02-23 12:33:35.058  INFO 13580 --- [main] com.zaxxer.hikari.HikariDataSource       : HikariPool-1 - Start completed.
2022-02-23 12:33:35.102  INFO 13580 --- [main] org.hibernate.dialect.Dialect            : HHH000400: Using dialect: org.hibernate.dialect.MySQL8Dialect
2022-02-23 12:33:36.365  INFO 13580 --- [main] o.h.e.t.j.p.i.JtaPlatformInitiator       : HHH000490: Using JtaPlatform implementation: [org.hibernate.engine.transaction.jta.platform.internal.NoJtaPlatform]
2022-02-23 12:33:36.377  INFO 13580 --- [main] j.LocalContainerEntityManagerFactoryBean : Initialized JPA EntityManagerFactory for persistence unit 'default'
2022-02-23 12:33:38.230  WARN 13580 --- [main] JpaBaseConfiguration$JpaWebConfiguration : spring.jpa.open-in-view is enabled by default. Therefore, database queries may be performed during view rendering. Explicitly configure spring.jpa.open-in-view to disable this warning
2022-02-23 12:33:38.948  INFO 13580 --- [main] o.s.b.a.w.s.WelcomePageHandlerMapping    : Adding welcome page template: index
2022-02-23 12:33:39.459  INFO 13580 --- [main] c.bobbingboy.springbootdemo.TopicTests   : Started TopicTests in 7.779 seconds (JVM running for 9.118)
2022-02-23 12:33:39.848  INFO 13580 --- [SpringApplicationShutdownHook] j.LocalContainerEntityManagerFactoryBean : Closing JPA EntityManagerFactory for persistence unit 'default'
2022-02-23 12:33:39.850  INFO 13580 --- [SpringApplicationShutdownHook] com.zaxxer.hikari.HikariDataSource       : HikariPool-1 - Shutdown initiated...
2022-02-23 12:33:39.863  INFO 13580 --- [SpringApplicationShutdownHook] com.zaxxer.hikari.HikariDataSource       : HikariPool-1 - Shutdown completed.
2022-02-23 12:36:02.095  INFO 5608 --- [main] c.bobbingboy.springbootdemo.TopicTests   : Starting TopicTests using Java 1.8.0_322 on zo17751991-PC with PID 5608 (started by user in C:\Users\user\IdeaProjects\spring-boot-demo)
2022-02-23 12:36:02.096 DEBUG 5608 --- [main] c.bobbingboy.springbootdemo.TopicTests   : Running with Spring Boot v2.6.3, Spring v5.3.15
2022-02-23 12:36:02.097  INFO 5608 --- [main] c.bobbingboy.springbootdemo.TopicTests   : The following profiles are active: dev
2022-02-23 12:36:03.002  INFO 5608 --- [main] .s.d.r.c.RepositoryConfigurationDelegate : Bootstrapping Spring Data JPA repositories in DEFAULT mode.
2022-02-23 12:36:03.098  INFO 5608 --- [main] .s.d.r.c.RepositoryConfigurationDelegate : Finished Spring Data repository scanning in 84 ms. Found 7 JPA repository interfaces.
2022-02-23 12:36:04.008  INFO 5608 --- [main] o.hibernate.jpa.internal.util.LogHelper  : HHH000204: Processing PersistenceUnitInfo [name: default]
2022-02-23 12:36:04.072  INFO 5608 --- [main] org.hibernate.Version                    : HHH000412: Hibernate ORM core version 5.6.4.Final
2022-02-23 12:36:04.296  INFO 5608 --- [main] o.hibernate.annotations.common.Version   : HCANN000001: Hibernate Commons Annotations {5.1.2.Final}
2022-02-23 12:36:04.553  INFO 5608 --- [main] com.zaxxer.hikari.HikariDataSource       : HikariPool-1 - Starting...
2022-02-23 12:36:04.559  WARN 5608 --- [main] com.zaxxer.hikari.util.DriverDataSource  : Registered driver with driverClassName=com.mysql.jdbc.Driver was not found, trying direct instantiation.
2022-02-23 12:36:04.950  INFO 5608 --- [main] com.zaxxer.hikari.HikariDataSource       : HikariPool-1 - Start completed.
2022-02-23 12:36:04.997  INFO 5608 --- [main] org.hibernate.dialect.Dialect            : HHH000400: Using dialect: org.hibernate.dialect.MySQL8Dialect
2022-02-23 12:36:06.224  INFO 5608 --- [main] o.h.e.t.j.p.i.JtaPlatformInitiator       : HHH000490: Using JtaPlatform implementation: [org.hibernate.engine.transaction.jta.platform.internal.NoJtaPlatform]
2022-02-23 12:36:06.235  INFO 5608 --- [main] j.LocalContainerEntityManagerFactoryBean : Initialized JPA EntityManagerFactory for persistence unit 'default'
2022-02-23 12:36:08.064  WARN 5608 --- [main] JpaBaseConfiguration$JpaWebConfiguration : spring.jpa.open-in-view is enabled by default. Therefore, database queries may be performed during view rendering. Explicitly configure spring.jpa.open-in-view to disable this warning
2022-02-23 12:36:08.833  INFO 5608 --- [main] o.s.b.a.w.s.WelcomePageHandlerMapping    : Adding welcome page template: index
2022-02-23 12:36:09.459  INFO 5608 --- [main] c.bobbingboy.springbootdemo.TopicTests   : Started TopicTests in 7.911 seconds (JVM running for 9.445)
2022-02-23 12:36:09.799  INFO 5608 --- [SpringApplicationShutdownHook] j.LocalContainerEntityManagerFactoryBean : Closing JPA EntityManagerFactory for persistence unit 'default'
2022-02-23 12:36:09.801  INFO 5608 --- [SpringApplicationShutdownHook] com.zaxxer.hikari.HikariDataSource       : HikariPool-1 - Shutdown initiated...
2022-02-23 12:36:09.812  INFO 5608 --- [SpringApplicationShutdownHook] com.zaxxer.hikari.HikariDataSource       : HikariPool-1 - Shutdown completed.
2022-02-23 12:42:28.461  INFO 7220 --- [main] c.bobbingboy.springbootdemo.TopicTests   : Starting TopicTests using Java 1.8.0_322 on zo17751991-PC with PID 7220 (started by user in C:\Users\user\IdeaProjects\spring-boot-demo)
2022-02-23 12:42:28.463 DEBUG 7220 --- [main] c.bobbingboy.springbootdemo.TopicTests   : Running with Spring Boot v2.6.3, Spring v5.3.15
2022-02-23 12:42:28.463  INFO 7220 --- [main] c.bobbingboy.springbootdemo.TopicTests   : The following profiles are active: dev
2022-02-23 12:42:29.305  INFO 7220 --- [main] .s.d.r.c.RepositoryConfigurationDelegate : Bootstrapping Spring Data JPA repositories in DEFAULT mode.
2022-02-23 12:42:29.404  INFO 7220 --- [main] .s.d.r.c.RepositoryConfigurationDelegate : Finished Spring Data repository scanning in 88 ms. Found 7 JPA repository interfaces.
2022-02-23 12:42:30.347  INFO 7220 --- [main] o.hibernate.jpa.internal.util.LogHelper  : HHH000204: Processing PersistenceUnitInfo [name: default]
2022-02-23 12:42:30.413  INFO 7220 --- [main] org.hibernate.Version                    : HHH000412: Hibernate ORM core version 5.6.4.Final
2022-02-23 12:42:30.634  INFO 7220 --- [main] o.hibernate.annotations.common.Version   : HCANN000001: Hibernate Commons Annotations {5.1.2.Final}
2022-02-23 12:42:30.914  INFO 7220 --- [main] com.zaxxer.hikari.HikariDataSource       : HikariPool-1 - Starting...
2022-02-23 12:42:30.918  WARN 7220 --- [main] com.zaxxer.hikari.util.DriverDataSource  : Registered driver with driverClassName=com.mysql.jdbc.Driver was not found, trying direct instantiation.
2022-02-23 12:42:31.315  INFO 7220 --- [main] com.zaxxer.hikari.HikariDataSource       : HikariPool-1 - Start completed.
2022-02-23 12:42:31.364  INFO 7220 --- [main] org.hibernate.dialect.Dialect            : HHH000400: Using dialect: org.hibernate.dialect.MySQL8Dialect
2022-02-23 12:42:32.581  INFO 7220 --- [main] o.h.e.t.j.p.i.JtaPlatformInitiator       : HHH000490: Using JtaPlatform implementation: [org.hibernate.engine.transaction.jta.platform.internal.NoJtaPlatform]
2022-02-23 12:42:32.592  INFO 7220 --- [main] j.LocalContainerEntityManagerFactoryBean : Initialized JPA EntityManagerFactory for persistence unit 'default'
2022-02-23 12:42:34.485  WARN 7220 --- [main] JpaBaseConfiguration$JpaWebConfiguration : spring.jpa.open-in-view is enabled by default. Therefore, database queries may be performed during view rendering. Explicitly configure spring.jpa.open-in-view to disable this warning
2022-02-23 12:42:35.143  INFO 7220 --- [main] o.s.b.a.w.s.WelcomePageHandlerMapping    : Adding welcome page template: index
2022-02-23 12:42:35.678  INFO 7220 --- [main] c.bobbingboy.springbootdemo.TopicTests   : Started TopicTests in 7.769 seconds (JVM running for 9.061)
2022-02-23 12:42:36.038  INFO 7220 --- [SpringApplicationShutdownHook] j.LocalContainerEntityManagerFactoryBean : Closing JPA EntityManagerFactory for persistence unit 'default'
2022-02-23 12:42:36.041  INFO 7220 --- [SpringApplicationShutdownHook] com.zaxxer.hikari.HikariDataSource       : HikariPool-1 - Shutdown initiated...
2022-02-23 12:42:36.062  INFO 7220 --- [SpringApplicationShutdownHook] com.zaxxer.hikari.HikariDataSource       : HikariPool-1 - Shutdown completed.
2022-02-23 12:48:44.734  INFO 18300 --- [main] c.bobbingboy.springbootdemo.TopicTests   : Starting TopicTests using Java 1.8.0_322 on zo17751991-PC with PID 18300 (started by user in C:\Users\user\IdeaProjects\spring-boot-demo)
2022-02-23 12:48:44.735 DEBUG 18300 --- [main] c.bobbingboy.springbootdemo.TopicTests   : Running with Spring Boot v2.6.3, Spring v5.3.15
2022-02-23 12:48:44.735  INFO 18300 --- [main] c.bobbingboy.springbootdemo.TopicTests   : The following profiles are active: dev
2022-02-23 12:48:45.498  INFO 18300 --- [main] .s.d.r.c.RepositoryConfigurationDelegate : Bootstrapping Spring Data JPA repositories in DEFAULT mode.
2022-02-23 12:48:45.596  INFO 18300 --- [main] .s.d.r.c.RepositoryConfigurationDelegate : Finished Spring Data repository scanning in 86 ms. Found 7 JPA repository interfaces.
2022-02-23 12:48:46.541  INFO 18300 --- [main] o.hibernate.jpa.internal.util.LogHelper  : HHH000204: Processing PersistenceUnitInfo [name: default]
2022-02-23 12:48:46.612  INFO 18300 --- [main] org.hibernate.Version                    : HHH000412: Hibernate ORM core version 5.6.4.Final
2022-02-23 12:48:46.836  INFO 18300 --- [main] o.hibernate.annotations.common.Version   : HCANN000001: Hibernate Commons Annotations {5.1.2.Final}
2022-02-23 12:48:47.093  INFO 18300 --- [main] com.zaxxer.hikari.HikariDataSource       : HikariPool-1 - Starting...
2022-02-23 12:48:47.098  WARN 18300 --- [main] com.zaxxer.hikari.util.DriverDataSource  : Registered driver with driverClassName=com.mysql.jdbc.Driver was not found, trying direct instantiation.
2022-02-23 12:48:47.481  INFO 18300 --- [main] com.zaxxer.hikari.HikariDataSource       : HikariPool-1 - Start completed.
2022-02-23 12:48:47.535  INFO 18300 --- [main] org.hibernate.dialect.Dialect            : HHH000400: Using dialect: org.hibernate.dialect.MySQL8Dialect
2022-02-23 12:48:48.804  INFO 18300 --- [main] o.h.e.t.j.p.i.JtaPlatformInitiator       : HHH000490: Using JtaPlatform implementation: [org.hibernate.engine.transaction.jta.platform.internal.NoJtaPlatform]
2022-02-23 12:48:48.819  INFO 18300 --- [main] j.LocalContainerEntityManagerFactoryBean : Initialized JPA EntityManagerFactory for persistence unit 'default'
2022-02-23 12:48:50.844  WARN 18300 --- [main] JpaBaseConfiguration$JpaWebConfiguration : spring.jpa.open-in-view is enabled by default. Therefore, database queries may be performed during view rendering. Explicitly configure spring.jpa.open-in-view to disable this warning
2022-02-23 12:48:51.486  INFO 18300 --- [main] o.s.b.a.w.s.WelcomePageHandlerMapping    : Adding welcome page template: index
2022-02-23 12:48:52.073  INFO 18300 --- [main] c.bobbingboy.springbootdemo.TopicTests   : Started TopicTests in 7.862 seconds (JVM running for 9.19)
2022-02-23 12:48:52.351  INFO 18300 --- [SpringApplicationShutdownHook] j.LocalContainerEntityManagerFactoryBean : Closing JPA EntityManagerFactory for persistence unit 'default'
2022-02-23 12:48:52.353  INFO 18300 --- [SpringApplicationShutdownHook] com.zaxxer.hikari.HikariDataSource       : HikariPool-1 - Shutdown initiated...
2022-02-23 12:48:52.365  INFO 18300 --- [SpringApplicationShutdownHook] com.zaxxer.hikari.HikariDataSource       : HikariPool-1 - Shutdown completed.
2022-02-23 12:59:16.643  INFO 17020 --- [main] c.bobbingboy.springbootdemo.TopicTests   : Starting TopicTests using Java 1.8.0_322 on zo17751991-PC with PID 17020 (started by user in C:\Users\user\IdeaProjects\spring-boot-demo)
2022-02-23 12:59:16.644 DEBUG 17020 --- [main] c.bobbingboy.springbootdemo.TopicTests   : Running with Spring Boot v2.6.3, Spring v5.3.15
2022-02-23 12:59:16.644  INFO 17020 --- [main] c.bobbingboy.springbootdemo.TopicTests   : The following profiles are active: dev
2022-02-23 12:59:17.504  INFO 17020 --- [main] .s.d.r.c.RepositoryConfigurationDelegate : Bootstrapping Spring Data JPA repositories in DEFAULT mode.
2022-02-23 12:59:17.653  INFO 17020 --- [main] .s.d.r.c.RepositoryConfigurationDelegate : Finished Spring Data repository scanning in 131 ms. Found 7 JPA repository interfaces.
2022-02-23 12:59:18.910  INFO 17020 --- [main] o.hibernate.jpa.internal.util.LogHelper  : HHH000204: Processing PersistenceUnitInfo [name: default]
2022-02-23 12:59:19.070  INFO 17020 --- [main] org.hibernate.Version                    : HHH000412: Hibernate ORM core version 5.6.4.Final
2022-02-23 12:59:19.576  INFO 17020 --- [main] o.hibernate.annotations.common.Version   : HCANN000001: Hibernate Commons Annotations {5.1.2.Final}
2022-02-23 12:59:19.883  INFO 17020 --- [main] com.zaxxer.hikari.HikariDataSource       : HikariPool-1 - Starting...
2022-02-23 12:59:19.888  WARN 17020 --- [main] com.zaxxer.hikari.util.DriverDataSource  : Registered driver with driverClassName=com.mysql.jdbc.Driver was not found, trying direct instantiation.
2022-02-23 12:59:20.383  INFO 17020 --- [main] com.zaxxer.hikari.HikariDataSource       : HikariPool-1 - Start completed.
2022-02-23 12:59:20.455  INFO 17020 --- [main] org.hibernate.dialect.Dialect            : HHH000400: Using dialect: org.hibernate.dialect.MySQL8Dialect
2022-02-23 12:59:22.022  INFO 17020 --- [main] o.h.e.t.j.p.i.JtaPlatformInitiator       : HHH000490: Using JtaPlatform implementation: [org.hibernate.engine.transaction.jta.platform.internal.NoJtaPlatform]
2022-02-23 12:59:22.039  INFO 17020 --- [main] j.LocalContainerEntityManagerFactoryBean : Initialized JPA EntityManagerFactory for persistence unit 'default'
2022-02-23 12:59:24.205  WARN 17020 --- [main] JpaBaseConfiguration$JpaWebConfiguration : spring.jpa.open-in-view is enabled by default. Therefore, database queries may be performed during view rendering. Explicitly configure spring.jpa.open-in-view to disable this warning
2022-02-23 12:59:24.975  INFO 17020 --- [main] o.s.b.a.w.s.WelcomePageHandlerMapping    : Adding welcome page template: index
2022-02-23 12:59:25.602  INFO 17020 --- [main] c.bobbingboy.springbootdemo.TopicTests   : Started TopicTests in 9.461 seconds (JVM running for 10.781)
2022-02-23 12:59:25.897  INFO 17020 --- [SpringApplicationShutdownHook] j.LocalContainerEntityManagerFactoryBean : Closing JPA EntityManagerFactory for persistence unit 'default'
2022-02-23 12:59:25.900  INFO 17020 --- [SpringApplicationShutdownHook] com.zaxxer.hikari.HikariDataSource       : HikariPool-1 - Shutdown initiated...
2022-02-23 12:59:25.920  INFO 17020 --- [SpringApplicationShutdownHook] com.zaxxer.hikari.HikariDataSource       : HikariPool-1 - Shutdown completed.
2022-02-23 13:03:11.316  INFO 3640 --- [main] c.bobbingboy.springbootdemo.TopicTests   : Starting TopicTests using Java 1.8.0_322 on zo17751991-PC with PID 3640 (started by user in C:\Users\user\IdeaProjects\spring-boot-demo)
2022-02-23 13:03:11.317 DEBUG 3640 --- [main] c.bobbingboy.springbootdemo.TopicTests   : Running with Spring Boot v2.6.3, Spring v5.3.15
2022-02-23 13:03:11.318  INFO 3640 --- [main] c.bobbingboy.springbootdemo.TopicTests   : The following profiles are active: dev
2022-02-23 13:03:12.250  INFO 3640 --- [main] .s.d.r.c.RepositoryConfigurationDelegate : Bootstrapping Spring Data JPA repositories in DEFAULT mode.
2022-02-23 13:03:12.369  INFO 3640 --- [main] .s.d.r.c.RepositoryConfigurationDelegate : Finished Spring Data repository scanning in 104 ms. Found 7 JPA repository interfaces.
2022-02-23 13:03:13.338  INFO 3640 --- [main] o.hibernate.jpa.internal.util.LogHelper  : HHH000204: Processing PersistenceUnitInfo [name: default]
2022-02-23 13:03:13.407  INFO 3640 --- [main] org.hibernate.Version                    : HHH000412: Hibernate ORM core version 5.6.4.Final
2022-02-23 13:03:13.650  INFO 3640 --- [main] o.hibernate.annotations.common.Version   : HCANN000001: Hibernate Commons Annotations {5.1.2.Final}
2022-02-23 13:03:13.906  INFO 3640 --- [main] com.zaxxer.hikari.HikariDataSource       : HikariPool-1 - Starting...
2022-02-23 13:03:13.910  WARN 3640 --- [main] com.zaxxer.hikari.util.DriverDataSource  : Registered driver with driverClassName=com.mysql.jdbc.Driver was not found, trying direct instantiation.
2022-02-23 13:03:14.306  INFO 3640 --- [main] com.zaxxer.hikari.HikariDataSource       : HikariPool-1 - Start completed.
2022-02-23 13:03:14.357  INFO 3640 --- [main] org.hibernate.dialect.Dialect            : HHH000400: Using dialect: org.hibernate.dialect.MySQL8Dialect
2022-02-23 13:03:15.595  INFO 3640 --- [main] o.h.e.t.j.p.i.JtaPlatformInitiator       : HHH000490: Using JtaPlatform implementation: [org.hibernate.engine.transaction.jta.platform.internal.NoJtaPlatform]
2022-02-23 13:03:15.606  INFO 3640 --- [main] j.LocalContainerEntityManagerFactoryBean : Initialized JPA EntityManagerFactory for persistence unit 'default'
2022-02-23 13:03:17.329  WARN 3640 --- [main] JpaBaseConfiguration$JpaWebConfiguration : spring.jpa.open-in-view is enabled by default. Therefore, database queries may be performed during view rendering. Explicitly configure spring.jpa.open-in-view to disable this warning
2022-02-23 13:03:17.966  INFO 3640 --- [main] o.s.b.a.w.s.WelcomePageHandlerMapping    : Adding welcome page template: index
2022-02-23 13:03:18.494  INFO 3640 --- [main] c.bobbingboy.springbootdemo.TopicTests   : Started TopicTests in 7.749 seconds (JVM running for 9.341)
2022-02-23 13:03:18.754  INFO 3640 --- [SpringApplicationShutdownHook] j.LocalContainerEntityManagerFactoryBean : Closing JPA EntityManagerFactory for persistence unit 'default'
2022-02-23 13:03:18.756  INFO 3640 --- [SpringApplicationShutdownHook] com.zaxxer.hikari.HikariDataSource       : HikariPool-1 - Shutdown initiated...
2022-02-23 13:03:18.766  INFO 3640 --- [SpringApplicationShutdownHook] com.zaxxer.hikari.HikariDataSource       : HikariPool-1 - Shutdown completed.
